<?xml version="1.0" encoding="UTF-8"?>
<!-- Generated by org.testng.reporters.JUnitReportReporter -->
<testsuite hostname="ATMECSINDT-080" failures="0" tests="3" name="com.atmecs.homepage.testscript.HomePage" time="51.622" errors="0" timestamp="03 Oct 2019 12:35:14 GMT" skipped="0">
  <testcase classname="com.atmecs.homepage.testscript.HomePage" name="setup" time="19.835"/>
  <testcase classname="com.atmecs.homepage.testscript.HomePage" name="homePage" time="7.519"/>
  <testcase classname="com.atmecs.homepage.testscript.HomePage" name="moreInfo" time="24.268"/>
</testsuite> <!-- com.atmecs.homepage.testscript.HomePage -->
