<?xml version="1.0" encoding="UTF-8"?>
<!-- Generated by org.testng.reporters.JUnitReportReporter -->
<testsuite hostname="ATMECSINDT-080" failures="0" tests="1" name="com.atmecs.homepage.helpers.MoreInfo" time="19.422" errors="0" timestamp="03 Oct 2019 12:31:50 GMT" skipped="0">
  <testcase classname="com.atmecs.homepage.helpers.MoreInfo" name="setup" time="19.422"/>
</testsuite> <!-- com.atmecs.homepage.helpers.MoreInfo -->
