<?xml version="1.0" encoding="UTF-8"?>
<!-- Generated by org.testng.reporters.JUnitReportReporter -->
<testsuite hostname="ATMECSINDT-080" failures="0" tests="18" name="com.atmecs.tacitkey.testscript.MoreInfo" time="49.717" errors="0" timestamp="03 Oct 2019 09:09:16 GMT" skipped="0">
  <testcase classname="com.atmecs.tacitkey.testscript.MoreInfo" name="setup" time="20.153"/>
  <testcase classname="com.atmecs.tacitkey.testscript.MoreInfo" name="ClickOnExploreNow" time="4.305"/>
  <testcase classname="com.atmecs.tacitkey.testscript.MoreInfo" name="ClickOnHome" time="2.121"/>
  <testcase classname="com.atmecs.tacitkey.testscript.MoreInfo" name="ClickOnMoreInfoaiml" time="1.968"/>
  <testcase classname="com.atmecs.tacitkey.testscript.MoreInfo" name="ValidateTitleAiml" time="0.046"/>
  <testcase classname="com.atmecs.tacitkey.testscript.MoreInfo" name="ValidateBreadcrumbAiml" time="2.013"/>
  <testcase classname="com.atmecs.tacitkey.testscript.MoreInfo" name="ClickOnMoreInfoarvr" time="1.950"/>
  <testcase classname="com.atmecs.tacitkey.testscript.MoreInfo" name="ValidateTitleArvr" time="0.029"/>
  <testcase classname="com.atmecs.tacitkey.testscript.MoreInfo" name="ValidateBreadcrumbArvr" time="1.975"/>
  <testcase classname="com.atmecs.tacitkey.testscript.MoreInfo" name="ClickOnMoreInfoiot" time="3.202"/>
  <testcase classname="com.atmecs.tacitkey.testscript.MoreInfo" name="ValidateTitleIot" time="0.034"/>
  <testcase classname="com.atmecs.tacitkey.testscript.MoreInfo" name="ValidateBreadcrumbIot" time="3.122"/>
  <testcase classname="com.atmecs.tacitkey.testscript.MoreInfo" name="ClickOnMoreInforpac" time="2.602"/>
  <testcase classname="com.atmecs.tacitkey.testscript.MoreInfo" name="ValidateTitleRpac" time="0.030"/>
  <testcase classname="com.atmecs.tacitkey.testscript.MoreInfo" name="ValidateBreadcrumbRpac" time="1.984"/>
  <testcase classname="com.atmecs.tacitkey.testscript.MoreInfo" name="ClickOnMoreInfobc" time="2.065"/>
  <testcase classname="com.atmecs.tacitkey.testscript.MoreInfo" name="ValidateTitleBc" time="0.057"/>
  <testcase classname="com.atmecs.tacitkey.testscript.MoreInfo" name="ValidateBreadcrumbBc" time="2.061"/>
</testsuite> <!-- com.atmecs.tacitkey.testscript.MoreInfo -->
