<?xml version="1.0" encoding="UTF-8"?>
<!-- Generated by org.testng.reporters.JUnitReportReporter -->
<testsuite hostname="ATMECSINDT-080" failures="0" tests="3" name="com.atmecs.tacitkey.testscript.HomePage" time="57.553" errors="0" timestamp="03 Oct 2019 10:09:42 GMT" skipped="0">
  <testcase classname="com.atmecs.tacitkey.testscript.HomePage" name="setup" time="28.542"/>
  <testcase classname="com.atmecs.tacitkey.testscript.HomePage" name="homePage" time="8.596"/>
  <testcase classname="com.atmecs.tacitkey.testscript.HomePage" name="moreInfo" time="20.415"/>
</testsuite> <!-- com.atmecs.tacitkey.testscript.HomePage -->
