<?xml version="1.0" encoding="UTF-8"?>
<!-- Generated by org.testng.reporters.JUnitReportReporter -->
<testsuite hostname="ATMECSINDT-080" failures="0" tests="1" name="com.atmecs.homepage.testbase.InvokeBrowser" time="11.239" errors="0" timestamp="03 Oct 2019 11:41:19 GMT" skipped="0">
  <testcase classname="com.atmecs.homepage.testbase.InvokeBrowser" name="setup" time="11.239"/>
</testsuite> <!-- com.atmecs.homepage.testbase.InvokeBrowser -->
