<?xml version="1.0" encoding="UTF-8"?>
<!-- Generated by org.testng.reporters.JUnitReportReporter -->
<testsuite hostname="ATMECSINDT-080" failures="0" tests="1" name="com.atmecs.tacitkey.testbase.InvokeBrowser" time="24.063" errors="0" timestamp="30 Sep 2019 12:07:27 GMT" skipped="0">
  <testcase classname="com.atmecs.tacitkey.testbase.InvokeBrowser" name="setup" time="24.063"/>
</testsuite> <!-- com.atmecs.tacitkey.testbase.InvokeBrowser -->
