<?xml version="1.0" encoding="UTF-8"?>
<!-- Generated by org.testng.reporters.JUnitReportReporter -->
<testsuite hostname="ATMECSINDT-080" failures="0" tests="3" name="com.atmecs.homepage.testscript.HomePage" time="48.104" errors="0" timestamp="2019-10-03T17:28:55 IST" skipped="0">
  <testcase classname="com.atmecs.homepage.testscript.HomePage" name="setup" time="19.639"/>
  <testcase classname="com.atmecs.homepage.testscript.HomePage" name="homePage" time="7.415"/>
  <testcase classname="com.atmecs.homepage.testscript.HomePage" name="moreInfo" time="21.050"/>
</testsuite> <!-- com.atmecs.homepage.testscript.HomePage -->
